[debug] [2018-09-27T17:06:19.262Z] ----------------------------------------------------------------------
[debug] [2018-09-27T17:06:19.265Z] Command:       C:\Program Files\nodejs\node.exe C:\Users\andie\AppData\Roaming\npm\node_modules\firebase-tools\bin\firebase deploy
[debug] [2018-09-27T17:06:19.266Z] CLI Version:   4.2.1
[debug] [2018-09-27T17:06:19.266Z] Platform:      win32
[debug] [2018-09-27T17:06:19.266Z] Node Version:  v8.12.0
[debug] [2018-09-27T17:06:19.267Z] Time:          Fri Sep 28 2018 00:06:19 GMT+0700 (SE Asia Standard Time)
[debug] [2018-09-27T17:06:19.267Z] ----------------------------------------------------------------------
[debug] 
[debug] [2018-09-27T17:06:19.294Z] > command requires scopes: ["email","openid","https://www.googleapis.com/auth/cloudplatformprojects.readonly","https://www.googleapis.com/auth/firebase","https://www.googleapis.com/auth/cloud-platform"]
[debug] [2018-09-27T17:06:19.295Z] > authorizing via signed-in user
[debug] [2018-09-27T17:06:19.298Z] > refreshing access token with scopes: ["email","https://www.googleapis.com/auth/cloud-platform","https://www.googleapis.com/auth/cloudplatformprojects.readonly","https://www.googleapis.com/auth/firebase","openid"]
[debug] [2018-09-27T17:06:19.299Z] >>> HTTP REQUEST POST https://www.googleapis.com/oauth2/v3/token  

[debug] [2018-09-27T17:06:19.706Z] <<< HTTP RESPONSE 200
[debug] [2018-09-27T17:06:19.721Z] >>> HTTP REQUEST GET https://admin.firebase.com/v1/projects/web-kajian  
 
[debug] [2018-09-27T17:06:21.020Z] <<< HTTP RESPONSE 200
[info] 
[info] === Deploying to 'web-kajian'...
[info] 
[info] i  deploying hosting
[debug] [2018-09-27T17:06:21.028Z] >>> HTTP REQUEST POST https://firebasehosting.googleapis.com/v1beta1/sites/web-kajian/versions  

[debug] [2018-09-27T17:06:23.074Z] <<< HTTP RESPONSE 200
[info] i  hosting[web-kajian]: beginning deploy...
[info] i  hosting[web-kajian]: found 240 files in public
[debug] [2018-09-27T17:06:23.349Z] [hosting] hash cache [cHVibGlj] stored for 240 files
[debug] [2018-09-27T17:06:23.350Z] [hosting][hash queue][FINAL]
[debug] [2018-09-27T17:06:23.350Z] >>> HTTP REQUEST POST https://firebasehosting.googleapis.com/v1beta1/sites/web-kajian/versions/3247bbe7442ca64f:populateFiles  
 <request body omitted>
[debug] [2018-09-27T17:06:26.051Z] <<< HTTP RESPONSE 200
[debug] [2018-09-27T17:06:26.057Z] [hosting][populate queue][FINAL]
[debug] [2018-09-27T17:06:26.057Z] [hosting] uploads queued: 4
